{
  "RSpec": {
    "coverage": {
      "/Users/Lassi/Documents/RoR/ratebeer/app/models/rating.rb": [
        1,
        1,
        1,
        null,
        1,
        null,
        null,
        null,
        1,
        0,
        null,
        null
      ],
      "/Users/Lassi/Documents/RoR/ratebeer/app/helpers/application_helper.rb": [
        1,
        null,
        1,
        0,
        0,
        0,
        null,
        0,
        null,
        null,
        null,
        1,
        0,
        null,
        null
      ],
      "/Users/Lassi/Documents/RoR/ratebeer/app/helpers/beers_helper.rb": [
        1,
        null
      ],
      "/Users/Lassi/Documents/RoR/ratebeer/app/helpers/breweries_helper.rb": [
        1,
        null
      ],
      "/Users/Lassi/Documents/RoR/ratebeer/app/helpers/users_helper.rb": [
        1,
        null
      ],
      "/Users/Lassi/Documents/RoR/ratebeer/app/models/brewery.rb": [
        1,
        1,
        null,
        1,
        7,
        null,
        1,
        1,
        null,
        1,
        1,
        null,
        1,
        0,
        0,
        0,
        null,
        null,
        1,
        0,
        0,
        null,
        null
      ],
      "/Users/Lassi/Documents/RoR/ratebeer/app/models/concerns/rating_average.rb": [
        1,
        1,
        null,
        1,
        0,
        null,
        null
      ]
    },
    "timestamp": 1425329443
  }
}
